
           Integration parameters
           ----------------------

   Algorithm: Bulirsch-Stoer (general)

   Integration start epoch:               0.0000000 days 
   Integration stop  epoch:               0.0100000
   Output interval:                  365250.000
   Output precision:                 high

   Initial timestep:                3.000 days 
   Accuracy parameter:              1.0000E-12
   Central mass:                    1.0000E+00 solar masses
   J_2:                              0.0000E+00
   J_4:                              0.0000E+00
   J_6:                              0.0000E+00
   Ejection distance:               1.0000E+03 AU
   Radius of central body:          5.0000E-03 AU

   Includes collisions:                 yes
   Includes fragmentation:              no 
   Includes relativity:                 no 
   Includes user-defined force routine: yes

   Number of Big bodies:        1
   Number of Small bodies:      0


           Integration details
           -------------------

   Initial energy:           -6.11911E-12 solar masses AU^2 day^-2 
   Initial angular momentum:  1.39135E-08 solar masses AU^2 day^-1 

 WARNING: No Small bodies are present.

No need to synchronize epochs since we don't have small bodies

   Beginning the main integration.


   Integration complete.

   Fractional energy change due to integrator:   8.19534E-11
   Fractional angular momentum change:           6.89658E-11

   Fractional energy change due to collisions/ejections:  0.00000E+00
   Fractional angular momentum change:                    0.00000E+00
