data file diskdeptest3
mass_time
semi_time
ecc_time
inc_time
Initiating integration
Creating .aei files
Creating figures
The deed is done
Note: The following floating-point exceptions are signalling: IEEE_UNDERFLOW_FLAG
Note: The following floating-point exceptions are signalling: IEEE_UNDERFLOW_FLAG
Note: The following floating-point exceptions are signalling: IEEE_UNDERFLOW_FLAG
Note: The following floating-point exceptions are signalling: IEEE_UNDERFLOW_FLAG
Note: The following floating-point exceptions are signalling: IEEE_UNDERFLOW_FLAG
Note: The following floating-point exceptions are signalling: IEEE_UNDERFLOW_FLAG
Note: The following floating-point exceptions are signalling: IEEE_UNDERFLOW_FLAG
Note: The following floating-point exceptions are signalling: IEEE_UNDERFLOW_FLAG
Note: The following floating-point exceptions are signalling: IEEE_UNDERFLOW_FLAG
Note: The following floating-point exceptions are signalling: IEEE_UNDERFLOW_FLAG
Note: The following floating-point exceptions are signalling: IEEE_UNDERFLOW_FLAG
Note: The following floating-point exceptions are signalling: IEEE_UNDERFLOW_FLAG
Note: The following floating-point exceptions are signalling: IEEE_UNDERFLOW_FLAG
Note: The following floating-point exceptions are signalling: IEEE_UNDERFLOW_FLAG
Note: The following floating-point exceptions are signalling: IEEE_UNDERFLOW_FLAG
Note: The following floating-point exceptions are signalling: IEEE_UNDERFLOW_FLAG
Note: The following floating-point exceptions are signalling: IEEE_UNDERFLOW_FLAG
Note: The following floating-point exceptions are signalling: IEEE_UNDERFLOW_FLAG
Note: The following floating-point exceptions are signalling: IEEE_UNDERFLOW_FLAG
Note: The following floating-point exceptions are signalling: IEEE_UNDERFLOW_FLAG
Note: The following floating-point exceptions are signalling: IEEE_UNDERFLOW_FLAG
Note: The following floating-point exceptions are signalling: IEEE_UNDERFLOW_FLAG
Note: The following floating-point exceptions are signalling: IEEE_UNDERFLOW_FLAG
Note: The following floating-point exceptions are signalling: IEEE_UNDERFLOW_FLAG
Note: The following floating-point exceptions are signalling: IEEE_UNDERFLOW_FLAG
Note: The following floating-point exceptions are signalling: IEEE_UNDERFLOW_FLAG
Note: The following floating-point exceptions are signalling: IEEE_UNDERFLOW_FLAG
Note: The following floating-point exceptions are signalling: IEEE_UNDERFLOW_FLAG
Note: The following floating-point exceptions are signalling: IEEE_UNDERFLOW_FLAG
Note: The following floating-point exceptions are signalling: IEEE_UNDERFLOW_FLAG
Note: The following floating-point exceptions are signalling: IEEE_UNDERFLOW_FLAG
Note: The following floating-point exceptions are signalling: IEEE_UNDERFLOW_FLAG
Note: The following floating-point exceptions are signalling: IEEE_UNDERFLOW_FLAG
Note: The following floating-point exceptions are signalling: IEEE_UNDERFLOW_FLAG
Note: The following floating-point exceptions are signalling: IEEE_UNDERFLOW_FLAG
Note: The following floating-point exceptions are signalling: IEEE_UNDERFLOW_FLAG
Note: The following floating-point exceptions are signalling: IEEE_UNDERFLOW_FLAG
Note: The following floating-point exceptions are signalling: IEEE_UNDERFLOW_FLAG
Note: The following floating-point exceptions are signalling: IEEE_UNDERFLOW_FLAG
Note: The following floating-point exceptions are signalling: IEEE_UNDERFLOW_FLAG
Note: The following floating-point exceptions are signalling: IEEE_UNDERFLOW_FLAG
Note: The following floating-point exceptions are signalling: IEEE_UNDERFLOW_FLAG
Note: The following floating-point exceptions are signalling: IEEE_UNDERFLOW_FLAG
Note: The following floating-point exceptions are signalling: IEEE_UNDERFLOW_FLAG
Note: The following floating-point exceptions are signalling: IEEE_UNDERFLOW_FLAG
Note: The following floating-point exceptions are signalling: IEEE_UNDERFLOW_FLAG
Note: The following floating-point exceptions are signalling: IEEE_UNDERFLOW_FLAG
Note: The following floating-point exceptions are signalling: IEEE_UNDERFLOW_FLAG
data file diskdeptest2
mass_time
semi_time
ecc_time
inc_time
Initiating integration
All planets have entered cavity after 1300000.0 yr
Stopping integration
Creating .aei files
Creating figures
The deed is done
data file diskdeptest2
mass_time
semi_time
ecc_time
inc_time
Initiating integration
All planets have entered cavity after 300000.0 yr
Stopping integration
Creating .aei files
Creating figures
The deed is done
Note: The following floating-point exceptions are signalling: IEEE_UNDERFLOW_FLAG
Note: The following floating-point exceptions are signalling: IEEE_UNDERFLOW_FLAG
Note: The following floating-point exceptions are signalling: IEEE_UNDERFLOW_FLAG
Note: The following floating-point exceptions are signalling: IEEE_UNDERFLOW_FLAG
Note: The following floating-point exceptions are signalling: IEEE_UNDERFLOW_FLAG
Note: The following floating-point exceptions are signalling: IEEE_UNDERFLOW_FLAG
Note: The following floating-point exceptions are signalling: IEEE_UNDERFLOW_FLAG
Note: The following floating-point exceptions are signalling: IEEE_UNDERFLOW_FLAG
Note: The following floating-point exceptions are signalling: IEEE_UNDERFLOW_FLAG
Note: The following floating-point exceptions are signalling: IEEE_UNDERFLOW_FLAG
Note: The following floating-point exceptions are signalling: IEEE_UNDERFLOW_FLAG
Note: The following floating-point exceptions are signalling: IEEE_UNDERFLOW_FLAG
Note: The following floating-point exceptions are signalling: IEEE_UNDERFLOW_FLAG
Note: The following floating-point exceptions are signalling: IEEE_UNDERFLOW_FLAG
Note: The following floating-point exceptions are signalling: IEEE_UNDERFLOW_FLAG
Note: The following floating-point exceptions are signalling: IEEE_UNDERFLOW_FLAG
Note: The following floating-point exceptions are signalling: IEEE_UNDERFLOW_FLAG
Note: The following floating-point exceptions are signalling: IEEE_UNDERFLOW_FLAG
Note: The following floating-point exceptions are signalling: IEEE_UNDERFLOW_FLAG
Note: The following floating-point exceptions are signalling: IEEE_UNDERFLOW_FLAG
Note: The following floating-point exceptions are signalling: IEEE_UNDERFLOW_FLAG
Note: The following floating-point exceptions are signalling: IEEE_UNDERFLOW_FLAG
Note: The following floating-point exceptions are signalling: IEEE_UNDERFLOW_FLAG
Note: The following floating-point exceptions are signalling: IEEE_UNDERFLOW_FLAG
Note: The following floating-point exceptions are signalling: IEEE_UNDERFLOW_FLAG
Note: The following floating-point exceptions are signalling: IEEE_UNDERFLOW_FLAG
Note: The following floating-point exceptions are signalling: IEEE_UNDERFLOW_FLAG
Note: The following floating-point exceptions are signalling: IEEE_UNDERFLOW_FLAG
Note: The following floating-point exceptions are signalling: IEEE_UNDERFLOW_FLAG
Note: The following floating-point exceptions are signalling: IEEE_UNDERFLOW_FLAG
Note: The following floating-point exceptions are signalling: IEEE_UNDERFLOW_FLAG
Note: The following floating-point exceptions are signalling: IEEE_UNDERFLOW_FLAG
Note: The following floating-point exceptions are signalling: IEEE_UNDERFLOW_FLAG
Note: The following floating-point exceptions are signalling: IEEE_UNDERFLOW_FLAG
Note: The following floating-point exceptions are signalling: IEEE_UNDERFLOW_FLAG
Note: The following floating-point exceptions are signalling: IEEE_UNDERFLOW_FLAG
Note: The following floating-point exceptions are signalling: IEEE_UNDERFLOW_FLAG
Note: The following floating-point exceptions are signalling: IEEE_UNDERFLOW_FLAG
Note: The following floating-point exceptions are signalling: IEEE_UNDERFLOW_FLAG
Note: The following floating-point exceptions are signalling: IEEE_UNDERFLOW_FLAG
Note: The following floating-point exceptions are signalling: IEEE_UNDERFLOW_FLAG
Note: The following floating-point exceptions are signalling: IEEE_UNDERFLOW_FLAG
Note: The following floating-point exceptions are signalling: IEEE_UNDERFLOW_FLAG
Note: The following floating-point exceptions are signalling: IEEE_UNDERFLOW_FLAG
Note: The following floating-point exceptions are signalling: IEEE_UNDERFLOW_FLAG
Note: The following floating-point exceptions are signalling: IEEE_UNDERFLOW_FLAG
Note: The following floating-point exceptions are signalling: IEEE_UNDERFLOW_FLAG
data file diskdeptest4
mass_time
semi_time
ecc_time
inc_time
Initiating integration
All planets have entered cavity after 1310000.0 yr
Stopping integration
Creating .aei files
Creating figures
The deed is done
Note: The following floating-point exceptions are signalling: IEEE_UNDERFLOW_FLAG
Note: The following floating-point exceptions are signalling: IEEE_UNDERFLOW_FLAG
Note: The following floating-point exceptions are signalling: IEEE_UNDERFLOW_FLAG
data file diskdep_uni3
mass_time
semi_time
ecc_time
inc_time
Initiating integration
We remove PP1 from the integration

We remove PP2 from the integration

We remove PP5 from the integration

We remove PP3 from the integration

We remove PP9 from the integration

We remove PP7 from the integration

We remove PP16 from the integration

We remove PP12 from the integration

We remove PP32 from the integration

We remove PP18 from the integration

We remove PP37 from the integration

We remove PP34 from the integration

All planets have entered cavity after 800000.0 yr
Stopping integration
Creating .aei files
Creating figures
The deed is done
